<?xml version="1.0" encoding="UTF-8"?>
<!-- Generated by org.testng.reporters.JUnitXMLReporter -->
<testsuite ignored="0" hostname="bcedbeecedffddaabcafcebcdecbdaddea-0" failures="0" tests="3" name="Surefire test" time="43.059" errors="0" timestamp="2023-11-07T04:59:56 UTC">
  <testcase classname="testcases.Testcase1" name="TestTodaysDeal" time="13.611"/>
  <testcase classname="testcases.Testcase1" name="TestProductClick" time="10.856"/>
  <testcase classname="testcases.Testcase1" name="AddCartTest" time="10.922"/>
</testsuite> <!-- Surefire test -->
